This is pdfTeX, Version 3.14159265-2.6-1.40.15 (MiKTeX 2.9 64-bit) (preloaded format=latex 2016.2.21)  27 FEB 2016 13:47
entering extended mode
**\makeatletter\def\HCode{\futurelet\HCode\HChar}\def\HChar{\ifx\HCode\def\HCod
e##1{\Link##1}\expandafter\HCode\else\expandafter\Link\fi}\def\Link#1.a.b.c.{\g
@addto@macro\@documentclasshook{\RequirePackage[#1,html]{tex4ht}}\let\HCode\doc
umentstyle\def\documentstyle{\let\documentstyle\HCode\expandafter\def\csname te
x4ht\endcsname{#1,html}\def\HCode####1{\documentstyle[tex4ht,}\@ifnextchar[{\HC
ode}{\documentstyle[tex4ht]}}}\makeatother\HCode .a.b.c.\input  assignment-2.te
x
(assignment-2.tex (C:\Programs\MiKTEX\tex\latex\base\article.cls
Document Class: article 2014/09/29 v1.4h Standard LaTeX document class
(C:\Programs\MiKTEX\tex\latex\base\size11.clo
File: size11.clo 2014/09/29 v1.4h Standard LaTeX file (size option)
)
\c@part=\count79
\c@section=\count80
\c@subsection=\count81
\c@subsubsection=\count82
\c@paragraph=\count83
\c@subparagraph=\count84
\c@figure=\count85
\c@table=\count86
\abovecaptionskip=\skip41
\belowcaptionskip=\skip42
\bibindent=\dimen102
)
(C:\Programs\MiKTEX\tex\generic\tex4ht\tex4ht.sty
version 2008-10-27-17:23
Package: tex4ht 
--------------------------------------
--- Note --- for _ at preamble, use the command line option `early_'
--------------------------------------
--------------------------------------
--- Note --- for ^ at preamble, use the command line option `early^'
--------------------------------------
\tmp:toks=\toks14
)
(C:\Programs\MiKTEX\tex\generic\tex4ht\usepackage.4ht
version 2009-05-21-09:32
)
(C:\Programs\MiKTEX\tex\latex\amsmath\amsmath.sty
Package: amsmath 2013/01/14 v2.14 AMS math features
\@mathmargin=\skip43

For additional information on amsmath, use the `?' option.
(C:\Programs\MiKTEX\tex\latex\amsmath\amstext.sty
Package: amstext 2000/06/29 v2.01

(C:\Programs\MiKTEX\tex\latex\amsmath\amsgen.sty
File: amsgen.sty 1999/11/30 v2.0
\@emptytoks=\toks15
\ex@=\dimen103
))
(C:\Programs\MiKTEX\tex\latex\amsmath\amsbsy.sty
Package: amsbsy 1999/11/29 v1.2d
\pmbraise@=\dimen104
)
(C:\Programs\MiKTEX\tex\latex\amsmath\amsopn.sty
Package: amsopn 1999/12/14 v2.01 operator names
)
\inf@bad=\count87
LaTeX Info: Redefining \frac on input line 210.
\uproot@=\count88
\leftroot@=\count89
LaTeX Info: Redefining \overline on input line 306.
\classnum@=\count90
\DOTSCASE@=\count91
LaTeX Info: Redefining \ldots on input line 378.
LaTeX Info: Redefining \dots on input line 381.
LaTeX Info: Redefining \cdots on input line 466.
\Mathstrutbox@=\box26
\strutbox@=\box27
\big@size=\dimen105
LaTeX Font Info:    Redeclaring font encoding OML on input line 566.
LaTeX Font Info:    Redeclaring font encoding OMS on input line 567.
\macc@depth=\count92
\c@MaxMatrixCols=\count93
\dotsspace@=\muskip10
\c@parentequation=\count94
\dspbrk@lvl=\count95
\tag@help=\toks16
\row@=\count96
\column@=\count97
\maxfields@=\count98
\andhelp@=\toks17
\eqnshift@=\dimen106
\alignsep@=\dimen107
\tagshift@=\dimen108
\tagwidth@=\dimen109
\totwidth@=\dimen110
\lineht@=\dimen111
\@envbody=\toks18
\multlinegap=\skip44
\multlinetaggap=\skip45
\mathdisplay@stack=\toks19
LaTeX Info: Redefining \[ on input line 2665.
LaTeX Info: Redefining \] on input line 2666.
)
(C:\Programs\MiKTEX\tex\latex\graphics\graphicx.sty
Package: graphicx 2014/10/28 v1.0g Enhanced LaTeX Graphics (DPC,SPQR)

(C:\Programs\MiKTEX\tex\latex\graphics\keyval.sty
Package: keyval 2014/10/28 v1.15 key=value parser (DPC)
\KV@toks@=\toks20
)
(C:\Programs\MiKTEX\tex\latex\graphics\graphics.sty
Package: graphics 2014/10/28 v1.0p Standard LaTeX Graphics (DPC,SPQR)

(C:\Programs\MiKTEX\tex\latex\graphics\trig.sty
Package: trig 1999/03/16 v1.09 sin cos tan (DPC)
)
(C:\Programs\MiKTEX\tex\latex\00miktex\graphics.cfg
File: graphics.cfg 2007/01/18 v1.5 graphics configuration of teTeX/TeXLive
)
Package graphics Info: Driver file: dvips.def on input line 91.

(C:\Programs\MiKTEX\tex\latex\graphics\dvips.def
File: dvips.def 2014/10/14 v3.0j Driver-dependent file (DPC,SPQR)
))
\Gin@req@height=\dimen112
\Gin@req@width=\dimen113
)
(C:\Programs\MiKTEX\tex\latex\booktabs\booktabs.sty
Package: booktabs 2005/04/14 v1.61803 publication quality tables
\heavyrulewidth=\dimen114
\lightrulewidth=\dimen115
\cmidrulewidth=\dimen116
\belowrulesep=\dimen117
\belowbottomsep=\dimen118
\aboverulesep=\dimen119
\abovetopsep=\dimen120
\cmidrulesep=\dimen121
\cmidrulekern=\dimen122
\defaultaddspace=\dimen123
\@cmidla=\count99
\@cmidlb=\count100
\@aboverulesep=\dimen124
\@belowrulesep=\dimen125
\@thisruleclass=\count101
\@lastruleclass=\count102
\@thisrulewidth=\dimen126
)
(C:\Programs\MiKTEX\tex\latex\tools\array.sty
Package: array 2014/10/28 v2.4c Tabular extension package (FMi)
\col@sep=\dimen127
\extrarowheight=\dimen128
\NC@list=\toks21
\extratabsurround=\skip46
\backup@length=\skip47
)
(C:\Programs\MiKTEX\tex\latex\tools\bm.sty
Package: bm 2014/10/28 v1.1c Bold Symbol Support (DPC/FMi)
\symboldoperators=\mathgroup4
\symboldletters=\mathgroup5
\symboldsymbols=\mathgroup6
LaTeX Font Info:    Redeclaring math alphabet \mathbf on input line 137.
LaTeX Info: Redefining \bm on input line 203.
)
(C:\Programs\MiKTEX\tex\generic\tex4ht\tex4ht.4ht
version 2009-01-07-07:11
--------------------------------------
--- Note --- for additional information, use the command line option `info'
--------------------------------------

::::::::::::::::::::::::::::::::::::::::::
 TeX4ht info is available in the log file 
::::::::::::::::::::::::::::::::::::::::::
) (C:\Programs\MiKTEX\tex\generic\tex4ht\tex4ht.sty
version 2008-10-27-17:23

--- needs --- tex4ht assignment-2 ---
\tmp:cnt=\count103
(assignment-2.tmp)
\tmp:dim=\skip48
--------------------------------------
--- Note --- for XML code, use the command line option `xml' or `xhtml'
--------------------------------------
 (assignment-2.xref)
\:refout=\write3

(C:\Programs\MiKTEX\tex\generic\tex4ht\html4.4ht
version 2009-05-18-23:01
--------------------------------------
--- Note --- to remove the <?xml version=...?> processing instruction use the c
ommand line option `no-VERSION'
--------------------------------------
--------------------------------------
--- Note --- to remove the DOCTYPE declaration use the command line option `no-
DOCTYPE'
--------------------------------------
)
(C:\Programs\MiKTEX\tex\generic\tex4ht\html4-math.4ht
version 2009-05-18-23:01
)
--------------------------------------
--- Note --- for marking of the base font, use the command line option `fonts+'

--------------------------------------
--------------------------------------
--- Note --- for non active _, use the command line option `no_'
--------------------------------------
--------------------------------------
--- Note --- for _ of catcode 13, use the command line option `_13'
--------------------------------------
--------------------------------------
--- Note --- for non active ^, use the command line option `no^'
--------------------------------------
--------------------------------------
--- Note --- for ^ of catcode 13, use the command line option `^13'
--------------------------------------

(C:\Programs\MiKTEX\tex\generic\tex4ht\html4.4ht
version 2009-05-18-23:01
--------------------------------------
--- Note --- for alternative charset, use the command line option `charset=...'

--------------------------------------
--------------------------------------
--- Note --- to ignore CSS font decoration, use the `NoFonts' command line opti
on
--------------------------------------
--------------------------------------
--- Note --- for jpg bitmaps of pictures, use the `jpg' command line option. (C
haracter bitmaps are controled only by `g' records of tex4ht.env and `-g' switc
hes of tex4ht.c) 
--------------------------------------
--------------------------------------
--- Note --- for gif bitmaps of pictures, use the `gif' command line option. (C
haracter bitmaps are controled only by `g' records of tex4ht.env and `-g' switc
hes of tex4ht.c) 
--------------------------------------
--------------------------------------
--- Note --- for content and toc in 2 frames, use the command line option `fram
es'
--------------------------------------
--------------------------------------
--- Note --- for content, toc, and footnotes in 3 frames, use the command line 
option `frames-fn'
--------------------------------------
--------------------------------------
--- Note --- for file extension name xht, use the command line option `xht'
--------------------------------------
TeX4ht package options: html
--------------------------------------
--- Note --- to ignore CSS code, use the command line option `-css
--------------------------------------
--------------------------------------
--- Note --- for inline CSS code, use the command line option `css-in'
--------------------------------------
--------------------------------------
--- Note --- for pop ups on mouse over, use the command line option `mouseover'

--------------------------------------
--------------------------------------
--- Note --- for addressing images in a subdirectory, use the command line opti
on `imgdir:.../'
--------------------------------------
)
(C:\Programs\MiKTEX\tex\generic\tex4ht\html4-math.4ht
version 2009-05-18-23:01
)
\:tokwrite=\toks22
\:tokpage=\toks23
--------------------------------------
--- Note --- for back links to toc, use the command line option `sections+'
--------------------------------------
--------------------------------------
--- Note --- for linear crosslinks of pages, use the command line option `next'

--------------------------------------
\:tocout=\write4

(C:\Programs\MiKTEX\tex\generic\tex4ht\html4.4ht
version 2009-05-18-23:01
)
(C:\Programs\MiKTEX\tex\generic\tex4ht\html4-math.4ht
version 2009-05-18-23:01
)
(C:\Programs\MiKTEX\tex\generic\tex4ht\latex.4ht
version 2009-05-21-09:32
--------------------------------------
--- Note --- for links into captions, instead of float heads, use the command l
ine option `refcaption'
--------------------------------------

(C:\Programs\MiKTEX\tex\generic\tex4ht\html4.4ht
version 2009-05-18-23:01
--------------------------------------
--- Note --- For mini tocs immediately aftter the header use the command line o
ption `minitoc<'
--------------------------------------
--------------------------------------
--- Note --- for enumerated list elements with valued data, use the command lin
e option `enumerate+'
--------------------------------------
--------------------------------------
--- Note --- for enumerated list elements li's with value attributes, use the c
ommand line option `enumerate-'
--------------------------------------
--------------------------------------
--- Note --- for CSS2 code, use the command line option `css2'
--------------------------------------
--------------------------------------
--- Note --- for pictorial tabular, use the command line option `pic-tabular'
--------------------------------------
--------------------------------------
--- Note --- for bitmap fbox'es, use the command line option `pic-fbox'
--------------------------------------
--------------------------------------
--- Note --- for bitmap framebox'es, use the command line option `pic-framebox'

--------------------------------------
--------------------------------------
--- Note --- for inline footnotes use command line option `fn-in'
--------------------------------------
--------------------------------------
--- Note --- for tracing of latex font commands, use the command line option `f
onts'
--------------------------------------
--------------------------------------
--- Note --- for width specifications of tabular p entries, use the `p-width' c
ommand line option or a configuration similar to \Configure{HColWidth}{\HCode{ 
style="width:\HColWidth"}}
--------------------------------------
)
(C:\Programs\MiKTEX\tex\generic\tex4ht\html4-math.4ht
version 2009-05-18-23:01
--------------------------------------
--- Note --- for pictorial eqnarray, use the command line option `pic-eqnarray'

--------------------------------------
--------------------------------------
--- Note --- for pictorial array, use the command line option `pic-array'
--------------------------------------
--------------------------------------
--- Note --- for pictorial $...$ environments, use the command line option `pic
-m' (not recommended!!)
--------------------------------------
--------------------------------------
--- Note --- for pictorial $...$ and $$...$$ environments with latex alt, use t
he command line option `pic-m+' (not safe!!)
--------------------------------------
--------------------------------------
--- Note --- for pictorial array, use the command line option `pic-array'
--------------------------------------
))
(C:\Programs\MiKTEX\tex\generic\tex4ht\fontmath.4ht
version 2009-05-21-09:32

(C:\Programs\MiKTEX\tex\generic\tex4ht\html4.4ht
version 2009-05-18-23:01
)
(C:\Programs\MiKTEX\tex\generic\tex4ht\html4-math.4ht
version 2009-05-18-23:01
))
(C:\Programs\MiKTEX\tex\generic\tex4ht\article.4ht
version 2009-05-21-09:32

(C:\Programs\MiKTEX\tex\generic\tex4ht\html4.4ht
version 2009-05-18-23:01
--------------------------------------
--- Note --- for automatic sectioning pagination, use the command line option `
1', `2', `3', '4', '5', '6', or '7'
--------------------------------------
--------------------------------------
--- Note --- for files named derived from section titles, use the command line 
option `sec-filename'
--------------------------------------
--------------------------------------
--- Note --- for i-columns index, use the command line option `index=i' (e.g., 
index=2)
--------------------------------------
)
(C:\Programs\MiKTEX\tex\generic\tex4ht\html4-math.4ht
version 2009-05-18-23:01
))
(C:\Programs\MiKTEX\tex\generic\tex4ht\amsmath.4ht
version 2009-05-21-09:32
\tmp:muskip=\muskip11

(C:\Programs\MiKTEX\tex\generic\tex4ht\html4.4ht
version 2009-05-18-23:01
)
(C:\Programs\MiKTEX\tex\generic\tex4ht\html4-math.4ht
version 2009-05-18-23:01
))
(C:\Programs\MiKTEX\tex\generic\tex4ht\amstext.4ht
version 2009-05-21-09:32

(C:\Programs\MiKTEX\tex\generic\tex4ht\html4.4ht
version 2009-05-18-23:01
)
(C:\Programs\MiKTEX\tex\generic\tex4ht\html4-math.4ht
version 2009-05-18-23:01
))
(C:\Programs\MiKTEX\tex\generic\tex4ht\amsbsy.4ht
version 2009-05-21-09:32

(C:\Programs\MiKTEX\tex\generic\tex4ht\html4.4ht
version 2009-05-18-23:01
)
(C:\Programs\MiKTEX\tex\generic\tex4ht\html4-math.4ht
version 2009-05-18-23:01
))
(C:\Programs\MiKTEX\tex\generic\tex4ht\amsopn.4ht
version 2009-05-21-09:32

(C:\Programs\MiKTEX\tex\generic\tex4ht\html4.4ht
version 2009-05-18-23:01
)
(C:\Programs\MiKTEX\tex\generic\tex4ht\html4-math.4ht
version 2009-05-18-23:01
))
(C:\Programs\MiKTEX\tex\generic\tex4ht\graphicx.4ht
version 2009-05-21-09:32

(C:\Programs\MiKTEX\tex\generic\tex4ht\html4.4ht
version 2009-05-18-23:01
)
(C:\Programs\MiKTEX\tex\generic\tex4ht\html4-math.4ht
version 2009-05-18-23:01
))
(C:\Programs\MiKTEX\tex\generic\tex4ht\graphics.4ht
version 2009-05-21-09:32

(C:\Programs\MiKTEX\tex\generic\tex4ht\html4.4ht
version 2009-05-18-23:01
--------------------------------------
--- Note --- if included graphics are of degraded quality, try the command line
 options `graphics-num' or `graphics-'. The `num' should provide the density of
 pixels in the bitmaps (e.g., 110). 
--------------------------------------
--------------------------------------
--- Note --- for key dimensions try the option `Gin-dim'; for key dimensions wh
en bounding box is unavailable try `Gin-dim+'; neither is recommended
--------------------------------------
)
(C:\Programs\MiKTEX\tex\generic\tex4ht\html4-math.4ht
version 2009-05-18-23:01
))
(C:\Programs\MiKTEX\tex\generic\tex4ht\dvips.4ht
version 2009-05-21-09:32

(C:\Programs\MiKTEX\tex\generic\tex4ht\html4.4ht
version 2009-05-18-23:01
)
(C:\Programs\MiKTEX\tex\generic\tex4ht\html4-math.4ht
version 2009-05-18-23:01
))
(C:\Programs\MiKTEX\tex\generic\tex4ht\booktabs.4ht
version 2009-05-21-09:32

(C:\Programs\MiKTEX\tex\generic\tex4ht\html4.4ht
version 2009-05-18-23:01
)
(C:\Programs\MiKTEX\tex\generic\tex4ht\html4-math.4ht
version 2009-05-18-23:01
))
(C:\Programs\MiKTEX\tex\generic\tex4ht\array.4ht
version 2009-05-21-09:32

(C:\Programs\MiKTEX\tex\generic\tex4ht\html4.4ht
version 2009-05-18-23:01
)
(C:\Programs\MiKTEX\tex\generic\tex4ht\html4-math.4ht
version 2009-05-18-23:01
--------------------------------------
--- Note --- for pictorial array, use the command line option `pic-array'
--------------------------------------
))
(C:\Programs\MiKTEX\tex\generic\tex4ht\bm.4ht
version 2009-05-21-09:32

(C:\Programs\MiKTEX\tex\generic\tex4ht\html4.4ht
version 2009-05-18-23:01
)
(C:\Programs\MiKTEX\tex\generic\tex4ht\html4-math.4ht
version 2009-05-18-23:01
))
(C:\Programs\MiKTEX\tex\generic\tex4ht\html4.4ht
version 2009-05-18-23:01
)
(C:\Programs\MiKTEX\tex\generic\tex4ht\html4-math.4ht
version 2009-05-18-23:01
)) (assignment-2.aux)
LaTeX Font Info:    Checking defaults for OML/cmm/m/it on input line 7.
LaTeX Font Info:    ... okay on input line 7.
LaTeX Font Info:    Checking defaults for T1/cmr/m/n on input line 7.
LaTeX Font Info:    ... okay on input line 7.
LaTeX Font Info:    Checking defaults for OT1/cmr/m/n on input line 7.
LaTeX Font Info:    ... okay on input line 7.
LaTeX Font Info:    Checking defaults for OMS/cmsy/m/n on input line 7.
LaTeX Font Info:    ... okay on input line 7.
LaTeX Font Info:    Checking defaults for OMX/cmex/m/n on input line 7.
LaTeX Font Info:    ... okay on input line 7.
LaTeX Font Info:    Checking defaults for U/cmr/m/n on input line 7.
LaTeX Font Info:    ... okay on input line 7.
--- file assignment-2.css ---

[1

] [2] [3]
l. 23 Writing assignment-2.idv[1] (assignment-20x.png)
l. 29 Writing assignment-2.idv[2] (assignment-21x.png)
l. 32 Writing assignment-2.idv[3] (assignment-22x.png)
 [4]
l. 38 Writing assignment-2.idv[4] (assignment-23x.png)
l. 41 Writing assignment-2.idv[5] (assignment-24x.png)
 [5]
l. 46 Writing assignment-2.idv[6] (assignment-25x.png)
l. 48 Writing assignment-2.idv[7] (assignment-26x.png)
 [6] [7

]
l.60 --- TeX4ht warning --- Cannot determine size of graphic in figure1.png (no
 BoundingBox) ---
l. 60 --- needs --- figure1.png ---
[8

]
l. 67 Writing assignment-2.idv[8] (assignment-27x.png)
l. 75 Writing assignment-2.idv[9] (assignment-28x.png)
l. 81 Writing assignment-2.idv[10] (assignment-29x.png)
l. 81 Writing assignment-2.idv[11] (assignment-210x.png)
l. 81 Writing assignment-2.idv[12] (assignment-211x.png)
 [9

]
l. 85 Writing assignment-2.idv[13] (assignment-212x.png)
 [10] [11

]
l.93 --- TeX4ht warning --- Cannot determine size of graphic in figure2.png (no
 BoundingBox) ---
l. 93 --- needs --- figure2.png ---
[12

] [13

] [14

]
l.102 --- TeX4ht warning --- Cannot determine size of graphic in figure3.png (n
o BoundingBox) ---
l. 102 --- needs --- figure3.png ---
[15

]
l. 109 Writing assignment-2.idv[14] (assignment-213x.png)
l. 113 Writing assignment-2.idv[15] (assignment-214x.png)
l. 117 Writing assignment-2.idv[16] (assignment-215x.png)
 [16

]
l. 119 Writing assignment-2.idv[17] (assignment-216x.png)
 [17] [18

]
l.129 --- TeX4ht warning --- Cannot determine size of graphic in figure4.png (n
o BoundingBox) ---
l. 129 --- needs --- figure4.png ---
[19

]
l. 135 Writing assignment-2.idv[18] (assignment-217x.png)
l. 145 Writing assignment-2.idv[19] (assignment-218x.png)
 [20

] [21

]
l.149 --- TeX4ht warning --- Cannot determine size of graphic in figure5.png (n
o BoundingBox) ---
l. 149 --- needs --- figure5.png ---
[22

]
l. 156 Writing assignment-2.idv[20] (assignment-219x.png)
l. 159 Writing assignment-2.idv[21] (assignment-220x.png)
l. 162 Writing assignment-2.idv[22] (assignment-221x.png)
 [23

]
l. 170 Writing assignment-2.idv[23] (assignment-222x.png)
l. 176 Writing assignment-2.idv[24] (assignment-223x.png)
l. 176 Writing assignment-2.idv[25] (assignment-224x.png)
l. 176 Writing assignment-2.idv[26] (assignment-225x.png)
l. 176 Writing assignment-2.idv[27] (assignment-226x.png)
l. 176 Writing assignment-2.idv[28] (assignment-227x.png)
 [24]
l. 180 Writing assignment-2.idv[29] (assignment-228x.png)
l. 189 Writing assignment-2.idv[30] (assignment-229x.png)
l. 189 Writing assignment-2.idv[31] (assignment-230x.png)
l. 189 Writing assignment-2.idv[32] (assignment-231x.png)
 [25] [26

]
l.195 --- TeX4ht warning --- Cannot determine size of graphic in figure6.png (n
o BoundingBox) ---
l. 195 --- needs --- figure6.png ---
[27

] [28

] [29

]
l. 209 Writing assignment-2.idv[33] (assignment-232x.png)
l. 209 Writing assignment-2.idv[34] (assignment-233x.png)
l. 209 Writing assignment-2.idv[35] (assignment-234x.png)
l. 210 Writing assignment-2.idv[36] (assignment-235x.png)
l. 210 Writing assignment-2.idv[37] (assignment-236x.png)
l. 211 Writing assignment-2.idv[38] (assignment-237x.png)
l. 211 Writing assignment-2.idv[39] (assignment-238x.png)
l. 212 Writing assignment-2.idv[40] (assignment-239x.png)
 [30

]
l. 217 Writing assignment-2.idv[41] (assignment-240x.png)
l. 217 Writing assignment-2.idv[42] (assignment-241x.png)
l. 217 Writing assignment-2.idv[43] (assignment-242x.png)
l. 217 Writing assignment-2.idv[44] (assignment-243x.png)
l. 217 Writing assignment-2.idv[45] (assignment-244x.png)
l. 217 Writing assignment-2.idv[46] (assignment-245x.png)
l. 217 Writing assignment-2.idv[47] (assignment-246x.png)
l. 219 Writing assignment-2.idv[48] (assignment-247x.png)
l. 219 Writing assignment-2.idv[49] (assignment-248x.png)
l. 219 Writing assignment-2.idv[50] (assignment-249x.png)
l. 221 Writing assignment-2.idv[51] (assignment-250x.png)
l. 221 Writing assignment-2.idv[52] (assignment-251x.png)
l. 221 Writing assignment-2.idv[53] (assignment-252x.png)
 [31

] [32] [33] [34] (assignment-2.aux) ) 
Here is how much of TeX's memory you used:
 5284 strings out of 493699
 58771 string characters out of 3148094
 255183 words of memory out of 3000000
 8506 multiletter control sequences out of 15000+200000
 13597 words of font info for 48 fonts, out of 3000000 for 9000
 1025 hyphenation exceptions out of 8191
 30i,10n,25p,2087b,480s stack positions out of 5000i,500n,10000p,200000b,50000s

Output written on assignment-2.dvi (34 pages, 67260 bytes).
